2012-05-31 21:02:56 Error: [PDOException] SQLSTATE[HY000]: General error: 1452 Cannot add or update a child row: a foreign key constraint fails (`geocan`.`notes`, CONSTRAINT `FK_notes_medic` FOREIGN KEY (`medic_id`) REFERENCES `medics` (`id`) ON DELETE NO ACTION ON UPDATE NO ACTION)
#0 G:\xampplite\htdocs\geocan\lib\Cake\Model\Datasource\DboSource.php(437): PDOStatement->execute(Array)
#1 G:\xampplite\htdocs\geocan\lib\Cake\Model\Datasource\DboSource.php(403): DboSource->_execute('INSERT INTO `ge...', Array)
#2 G:\xampplite\htdocs\geocan\lib\Cake\Model\Datasource\DboSource.php(985): DboSource->execute('INSERT INTO `ge...')
#3 G:\xampplite\htdocs\geocan\lib\Cake\Model\Model.php(1703): DboSource->create(Object(Note), Array, Array)
#4 G:\xampplite\htdocs\geocan\app\Controller\NotesController.php(69): Model->save(Array)
#5 [internal function]: NotesController->edit('1', '2')
#6 G:\xampplite\htdocs\geocan\lib\Cake\Controller\Controller.php(485): ReflectionMethod->invokeArgs(Object(NotesController), Array)
#7 G:\xampplite\htdocs\geocan\lib\Cake\Routing\Dispatcher.php(103): Controller->invokeAction(Object(CakeRequest))
#8 G:\xampplite\htdocs\geocan\lib\Cake\Routing\Dispatcher.php(85): Dispatcher->_invoke(Object(NotesController), Object(CakeRequest), Object(CakeResponse))
#9 G:\xampplite\htdocs\geocan\app\webroot\index.php(96): Dispatcher->dispatch(Object(CakeRequest), Object(CakeResponse))
#10 {main}
2012-06-05 23:17:05 Error: [MissingActionException] Action PatientsController::img() could not be found.
#0 G:\xampplite\htdocs\geocan\lib\Cake\Routing\Dispatcher.php(103): Controller->invokeAction(Object(CakeRequest))
#1 G:\xampplite\htdocs\geocan\lib\Cake\Routing\Dispatcher.php(85): Dispatcher->_invoke(Object(PatientsController), Object(CakeRequest), Object(CakeResponse))
#2 G:\xampplite\htdocs\geocan\app\webroot\index.php(96): Dispatcher->dispatch(Object(CakeRequest), Object(CakeResponse))
#3 {main}
2012-06-05 23:17:05 Error: [MissingActionException] Action PatientsController::img() could not be found.
#0 G:\xampplite\htdocs\geocan\lib\Cake\Routing\Dispatcher.php(103): Controller->invokeAction(Object(CakeRequest))
#1 G:\xampplite\htdocs\geocan\lib\Cake\Routing\Dispatcher.php(85): Dispatcher->_invoke(Object(PatientsController), Object(CakeRequest), Object(CakeResponse))
#2 G:\xampplite\htdocs\geocan\app\webroot\index.php(96): Dispatcher->dispatch(Object(CakeRequest), Object(CakeResponse))
#3 {main}
2012-06-05 23:17:07 Error: [MissingActionException] Action PatientsController::img() could not be found.
#0 G:\xampplite\htdocs\geocan\lib\Cake\Routing\Dispatcher.php(103): Controller->invokeAction(Object(CakeRequest))
#1 G:\xampplite\htdocs\geocan\lib\Cake\Routing\Dispatcher.php(85): Dispatcher->_invoke(Object(PatientsController), Object(CakeRequest), Object(CakeResponse))
#2 G:\xampplite\htdocs\geocan\app\webroot\index.php(96): Dispatcher->dispatch(Object(CakeRequest), Object(CakeResponse))
#3 {main}
2012-06-05 23:17:08 Error: [MissingActionException] Action PatientsController::img() could not be found.
#0 G:\xampplite\htdocs\geocan\lib\Cake\Routing\Dispatcher.php(103): Controller->invokeAction(Object(CakeRequest))
#1 G:\xampplite\htdocs\geocan\lib\Cake\Routing\Dispatcher.php(85): Dispatcher->_invoke(Object(PatientsController), Object(CakeRequest), Object(CakeResponse))
#2 G:\xampplite\htdocs\geocan\app\webroot\index.php(96): Dispatcher->dispatch(Object(CakeRequest), Object(CakeResponse))
#3 {main}
2012-06-05 23:17:15 Error: [MissingActionException] Action PatientsController::geocan() could not be found.
#0 G:\xampplite\htdocs\geocan\lib\Cake\Routing\Dispatcher.php(103): Controller->invokeAction(Object(CakeRequest))
#1 G:\xampplite\htdocs\geocan\lib\Cake\Routing\Dispatcher.php(85): Dispatcher->_invoke(Object(PatientsController), Object(CakeRequest), Object(CakeResponse))
#2 G:\xampplite\htdocs\geocan\app\webroot\index.php(96): Dispatcher->dispatch(Object(CakeRequest), Object(CakeResponse))
#3 {main}
2012-06-05 23:17:15 Error: [MissingActionException] Action PatientsController::geocan() could not be found.
#0 G:\xampplite\htdocs\geocan\lib\Cake\Routing\Dispatcher.php(103): Controller->invokeAction(Object(CakeRequest))
#1 G:\xampplite\htdocs\geocan\lib\Cake\Routing\Dispatcher.php(85): Dispatcher->_invoke(Object(PatientsController), Object(CakeRequest), Object(CakeResponse))
#2 G:\xampplite\htdocs\geocan\app\webroot\index.php(96): Dispatcher->dispatch(Object(CakeRequest), Object(CakeResponse))
#3 {main}
2012-06-05 23:17:27 Error: [MissingActionException] Action PatientsController::geocan() could not be found.
#0 G:\xampplite\htdocs\geocan\lib\Cake\Routing\Dispatcher.php(103): Controller->invokeAction(Object(CakeRequest))
#1 G:\xampplite\htdocs\geocan\lib\Cake\Routing\Dispatcher.php(85): Dispatcher->_invoke(Object(PatientsController), Object(CakeRequest), Object(CakeResponse))
#2 G:\xampplite\htdocs\geocan\app\webroot\index.php(96): Dispatcher->dispatch(Object(CakeRequest), Object(CakeResponse))
#3 {main}
2012-06-05 23:17:57 Error: [MissingActionException] Action PatientsController::geocan() could not be found.
#0 G:\xampplite\htdocs\geocan\lib\Cake\Routing\Dispatcher.php(103): Controller->invokeAction(Object(CakeRequest))
#1 G:\xampplite\htdocs\geocan\lib\Cake\Routing\Dispatcher.php(85): Dispatcher->_invoke(Object(PatientsController), Object(CakeRequest), Object(CakeResponse))
#2 G:\xampplite\htdocs\geocan\app\webroot\index.php(96): Dispatcher->dispatch(Object(CakeRequest), Object(CakeResponse))
#3 {main}
2012-06-05 23:17:57 Error: [MissingActionException] Action PatientsController::geocan() could not be found.
#0 G:\xampplite\htdocs\geocan\lib\Cake\Routing\Dispatcher.php(103): Controller->invokeAction(Object(CakeRequest))
#1 G:\xampplite\htdocs\geocan\lib\Cake\Routing\Dispatcher.php(85): Dispatcher->_invoke(Object(PatientsController), Object(CakeRequest), Object(CakeResponse))
#2 G:\xampplite\htdocs\geocan\app\webroot\index.php(96): Dispatcher->dispatch(Object(CakeRequest), Object(CakeResponse))
#3 {main}
2012-06-05 23:18:05 Error: [MissingActionException] Action PatientsController::geocan() could not be found.
#0 G:\xampplite\htdocs\geocan\lib\Cake\Routing\Dispatcher.php(103): Controller->invokeAction(Object(CakeRequest))
#1 G:\xampplite\htdocs\geocan\lib\Cake\Routing\Dispatcher.php(85): Dispatcher->_invoke(Object(PatientsController), Object(CakeRequest), Object(CakeResponse))
#2 G:\xampplite\htdocs\geocan\app\webroot\index.php(96): Dispatcher->dispatch(Object(CakeRequest), Object(CakeResponse))
#3 {main}
2012-06-11 22:09:16 Error: [MissingControllerException] Controller class CssController could not be found.
#0 G:\xampplite\htdocs\geocan\app\webroot\index.php(96): Dispatcher->dispatch(Object(CakeRequest), Object(CakeResponse))
#1 {main}
2012-06-11 22:09:16 Error: [MissingControllerException] Controller class CssController could not be found.
#0 G:\xampplite\htdocs\geocan\app\webroot\index.php(96): Dispatcher->dispatch(Object(CakeRequest), Object(CakeResponse))
#1 {main}
2012-06-11 22:09:19 Error: [MissingControllerException] Controller class CssController could not be found.
#0 G:\xampplite\htdocs\geocan\app\webroot\index.php(96): Dispatcher->dispatch(Object(CakeRequest), Object(CakeResponse))
#1 {main}
2012-06-11 22:09:19 Error: [MissingControllerException] Controller class CssController could not be found.
#0 G:\xampplite\htdocs\geocan\app\webroot\index.php(96): Dispatcher->dispatch(Object(CakeRequest), Object(CakeResponse))
#1 {main}
2012-06-11 22:09:31 Error: [MissingPluginException] Plugin  could not be found.
#0 G:\xampplite\htdocs\geocan\lib\Cake\Routing\Dispatcher.php(278): CakePlugin::path('')
#1 G:\xampplite\htdocs\geocan\lib\Cake\Routing\Dispatcher.php(70): Dispatcher->asset('/css/images/hel...', Object(CakeResponse))
#2 G:\xampplite\htdocs\geocan\app\webroot\index.php(96): Dispatcher->dispatch(Object(CakeRequest), Object(CakeResponse))
#3 {main}
2012-06-11 22:09:31 Error: [MissingPluginException] Plugin  could not be found.
#0 G:\xampplite\htdocs\geocan\lib\Cake\Routing\Dispatcher.php(278): CakePlugin::path('')
#1 G:\xampplite\htdocs\geocan\lib\Cake\Routing\Dispatcher.php(70): Dispatcher->asset('/css/images/hel...', Object(CakeResponse))
#2 G:\xampplite\htdocs\geocan\app\webroot\index.php(96): Dispatcher->dispatch(Object(CakeRequest), Object(CakeResponse))
#3 {main}
2012-06-11 22:09:33 Error: [MissingPluginException] Plugin  could not be found.
#0 G:\xampplite\htdocs\geocan\lib\Cake\Routing\Dispatcher.php(278): CakePlugin::path('')
#1 G:\xampplite\htdocs\geocan\lib\Cake\Routing\Dispatcher.php(70): Dispatcher->asset('/css/images/hel...', Object(CakeResponse))
#2 G:\xampplite\htdocs\geocan\app\webroot\index.php(96): Dispatcher->dispatch(Object(CakeRequest), Object(CakeResponse))
#3 {main}
2012-06-11 22:09:33 Error: [MissingPluginException] Plugin  could not be found.
#0 G:\xampplite\htdocs\geocan\lib\Cake\Routing\Dispatcher.php(278): CakePlugin::path('')
#1 G:\xampplite\htdocs\geocan\lib\Cake\Routing\Dispatcher.php(70): Dispatcher->asset('/css/images/hel...', Object(CakeResponse))
#2 G:\xampplite\htdocs\geocan\app\webroot\index.php(96): Dispatcher->dispatch(Object(CakeRequest), Object(CakeResponse))
#3 {main}
2012-06-11 22:09:48 Error: [MissingPluginException] Plugin  could not be found.
#0 G:\xampplite\htdocs\geocan\lib\Cake\Routing\Dispatcher.php(278): CakePlugin::path('')
#1 G:\xampplite\htdocs\geocan\lib\Cake\Routing\Dispatcher.php(70): Dispatcher->asset('/css/images/hel...', Object(CakeResponse))
#2 G:\xampplite\htdocs\geocan\app\webroot\index.php(96): Dispatcher->dispatch(Object(CakeRequest), Object(CakeResponse))
#3 {main}
2012-06-11 22:09:49 Error: [MissingPluginException] Plugin  could not be found.
#0 G:\xampplite\htdocs\geocan\lib\Cake\Routing\Dispatcher.php(278): CakePlugin::path('')
#1 G:\xampplite\htdocs\geocan\lib\Cake\Routing\Dispatcher.php(70): Dispatcher->asset('/css/images/hel...', Object(CakeResponse))
#2 G:\xampplite\htdocs\geocan\app\webroot\index.php(96): Dispatcher->dispatch(Object(CakeRequest), Object(CakeResponse))
#3 {main}
2012-06-11 23:58:40 Error: [MissingControllerException] Controller class InitDBController could not be found.
#0 G:\xampplite\htdocs\geocan\app\webroot\index.php(96): Dispatcher->dispatch(Object(CakeRequest), Object(CakeResponse))
#1 {main}
2012-06-12 00:00:30 Error: [MissingViewException] View file "G:\xampplite\htdocs\geocan\app\View\Users\init_d_b.ctp" is missing.
#0 G:\xampplite\htdocs\geocan\lib\Cake\View\View.php(460): View->_getViewFileName(NULL)
#1 G:\xampplite\htdocs\geocan\lib\Cake\Controller\Controller.php(959): View->render(NULL, NULL)
#2 G:\xampplite\htdocs\geocan\lib\Cake\Routing\Dispatcher.php(110): Controller->render()
#3 G:\xampplite\htdocs\geocan\lib\Cake\Routing\Dispatcher.php(85): Dispatcher->_invoke(Object(UsersController), Object(CakeRequest), Object(CakeResponse))
#4 G:\xampplite\htdocs\geocan\app\webroot\index.php(96): Dispatcher->dispatch(Object(CakeRequest), Object(CakeResponse))
#5 {main}
2012-06-12 00:00:44 Error: [MissingViewException] View file "G:\xampplite\htdocs\geocan\app\View\Users\init_d_b.ctp" is missing.
#0 G:\xampplite\htdocs\geocan\lib\Cake\View\View.php(460): View->_getViewFileName(NULL)
#1 G:\xampplite\htdocs\geocan\lib\Cake\Controller\Controller.php(959): View->render(NULL, NULL)
#2 G:\xampplite\htdocs\geocan\lib\Cake\Routing\Dispatcher.php(110): Controller->render()
#3 G:\xampplite\htdocs\geocan\lib\Cake\Routing\Dispatcher.php(85): Dispatcher->_invoke(Object(UsersController), Object(CakeRequest), Object(CakeResponse))
#4 G:\xampplite\htdocs\geocan\app\webroot\index.php(96): Dispatcher->dispatch(Object(CakeRequest), Object(CakeResponse))
#5 {main}
2012-06-12 00:03:26 Error: [MissingViewException] View file "G:\xampplite\htdocs\geocan\app\View\Users\init_d_b.ctp" is missing.
#0 G:\xampplite\htdocs\geocan\lib\Cake\View\View.php(460): View->_getViewFileName(NULL)
#1 G:\xampplite\htdocs\geocan\lib\Cake\Controller\Controller.php(959): View->render(NULL, NULL)
#2 G:\xampplite\htdocs\geocan\lib\Cake\Routing\Dispatcher.php(110): Controller->render()
#3 G:\xampplite\htdocs\geocan\lib\Cake\Routing\Dispatcher.php(85): Dispatcher->_invoke(Object(UsersController), Object(CakeRequest), Object(CakeResponse))
#4 G:\xampplite\htdocs\geocan\app\webroot\index.php(96): Dispatcher->dispatch(Object(CakeRequest), Object(CakeResponse))
#5 {main}
2012-06-12 00:04:59 Error: [MissingViewException] View file "G:\xampplite\htdocs\geocan\app\View\Users\init_d_b.ctp" is missing.
#0 G:\xampplite\htdocs\geocan\lib\Cake\View\View.php(460): View->_getViewFileName(NULL)
#1 G:\xampplite\htdocs\geocan\lib\Cake\Controller\Controller.php(959): View->render(NULL, NULL)
#2 G:\xampplite\htdocs\geocan\lib\Cake\Routing\Dispatcher.php(110): Controller->render()
#3 G:\xampplite\htdocs\geocan\lib\Cake\Routing\Dispatcher.php(85): Dispatcher->_invoke(Object(UsersController), Object(CakeRequest), Object(CakeResponse))
#4 G:\xampplite\htdocs\geocan\app\webroot\index.php(96): Dispatcher->dispatch(Object(CakeRequest), Object(CakeResponse))
#5 {main}
2012-06-18 21:41:45 Error: [MissingControllerException] Controller class AddressController could not be found.
#0 G:\xampplite\htdocs\geocan\app\webroot\index.php(96): Dispatcher->dispatch(Object(CakeRequest), Object(CakeResponse))
#1 {main}
2012-06-18 21:42:20 Error: [MissingActionException] Action AddressesController::reportes() could not be found.
#0 G:\xampplite\htdocs\geocan\lib\Cake\Routing\Dispatcher.php(103): Controller->invokeAction(Object(CakeRequest))
#1 G:\xampplite\htdocs\geocan\lib\Cake\Routing\Dispatcher.php(85): Dispatcher->_invoke(Object(AddressesController), Object(CakeRequest), Object(CakeResponse))
#2 G:\xampplite\htdocs\geocan\app\webroot\index.php(96): Dispatcher->dispatch(Object(CakeRequest), Object(CakeResponse))
#3 {main}
2012-06-18 21:42:33 Error: [MissingActionException] Action AddressesController::reportes() could not be found.
#0 G:\xampplite\htdocs\geocan\lib\Cake\Routing\Dispatcher.php(103): Controller->invokeAction(Object(CakeRequest))
#1 G:\xampplite\htdocs\geocan\lib\Cake\Routing\Dispatcher.php(85): Dispatcher->_invoke(Object(AddressesController), Object(CakeRequest), Object(CakeResponse))
#2 G:\xampplite\htdocs\geocan\app\webroot\index.php(96): Dispatcher->dispatch(Object(CakeRequest), Object(CakeResponse))
#3 {main}
2012-06-18 21:43:24 Error: [MissingActionException] Action AddressesController::reportes() could not be found.
#0 G:\xampplite\htdocs\geocan\lib\Cake\Routing\Dispatcher.php(103): Controller->invokeAction(Object(CakeRequest))
#1 G:\xampplite\htdocs\geocan\lib\Cake\Routing\Dispatcher.php(85): Dispatcher->_invoke(Object(AddressesController), Object(CakeRequest), Object(CakeResponse))
#2 G:\xampplite\htdocs\geocan\app\webroot\index.php(96): Dispatcher->dispatch(Object(CakeRequest), Object(CakeResponse))
#3 {main}
2012-06-18 22:53:03 Error: [PDOException] SQLSTATE[42000]: Syntax error or access violation: 1064 You have an error in your SQL syntax; check the manual that corresponds to your MySQL server version for the right syntax to use near '.edad,
		Address.longitud, Address.latitud, Address.direccion from patients as ' at line 1
#0 G:\xampplite\htdocs\geocan\lib\Cake\Model\Datasource\DboSource.php(437): PDOStatement->execute(Array)
#1 G:\xampplite\htdocs\geocan\lib\Cake\Model\Datasource\DboSource.php(403): DboSource->_execute('select Patient....', Array)
#2 G:\xampplite\htdocs\geocan\lib\Cake\Model\Datasource\DboSource.php(647): DboSource->execute('select Patient....', Array, Array)
#3 G:\xampplite\htdocs\geocan\lib\Cake\Model\Datasource\DboSource.php(516): DboSource->fetchAll('select Patient....')
#4 [internal function]: DboSource->query('select Patient....')
#5 G:\xampplite\htdocs\geocan\lib\Cake\Model\Model.php(3010): call_user_func_array(Array, Array)
#6 G:\xampplite\htdocs\geocan\app\Controller\AddressesController.php(25): Model->query('select Patient....')
#7 [internal function]: AddressesController->reporte()
#8 G:\xampplite\htdocs\geocan\lib\Cake\Controller\Controller.php(485): ReflectionMethod->invokeArgs(Object(AddressesController), Array)
#9 G:\xampplite\htdocs\geocan\lib\Cake\Routing\Dispatcher.php(103): Controller->invokeAction(Object(CakeRequest))
#10 G:\xampplite\htdocs\geocan\lib\Cake\Routing\Dispatcher.php(85): Dispatcher->_invoke(Object(AddressesController), Object(CakeRequest), Object(CakeResponse))
#11 G:\xampplite\htdocs\geocan\app\webroot\index.php(96): Dispatcher->dispatch(Object(CakeRequest), Object(CakeResponse))
#12 {main}
2012-06-18 23:09:05 Error: [PDOException] SQLSTATE[42000]: Syntax error or access violation: 1064 You have an error in your SQL syntax; check the manual that corresponds to your MySQL server version for the right syntax to use near '.'edad',
		Address.longitud, Address.latitud, Address.direccion from patients a' at line 1
#0 G:\xampplite\htdocs\geocan\lib\Cake\Model\Datasource\DboSource.php(437): PDOStatement->execute(Array)
#1 G:\xampplite\htdocs\geocan\lib\Cake\Model\Datasource\DboSource.php(403): DboSource->_execute('select Patient....', Array)
#2 G:\xampplite\htdocs\geocan\lib\Cake\Model\Datasource\DboSource.php(647): DboSource->execute('select Patient....', Array, Array)
#3 G:\xampplite\htdocs\geocan\lib\Cake\Model\Datasource\DboSource.php(516): DboSource->fetchAll('select Patient....')
#4 [internal function]: DboSource->query('select Patient....')
#5 G:\xampplite\htdocs\geocan\lib\Cake\Model\Model.php(3010): call_user_func_array(Array, Array)
#6 G:\xampplite\htdocs\geocan\app\Controller\AddressesController.php(25): Model->query('select Patient....')
#7 [internal function]: AddressesController->reporte()
#8 G:\xampplite\htdocs\geocan\lib\Cake\Controller\Controller.php(485): ReflectionMethod->invokeArgs(Object(AddressesController), Array)
#9 G:\xampplite\htdocs\geocan\lib\Cake\Routing\Dispatcher.php(103): Controller->invokeAction(Object(CakeRequest))
#10 G:\xampplite\htdocs\geocan\lib\Cake\Routing\Dispatcher.php(85): Dispatcher->_invoke(Object(AddressesController), Object(CakeRequest), Object(CakeResponse))
#11 G:\xampplite\htdocs\geocan\app\webroot\index.php(96): Dispatcher->dispatch(Object(CakeRequest), Object(CakeResponse))
#12 {main}
2012-06-25 01:01:21 Error: [MissingActionException] Action PatientsController::users() could not be found.
#0 G:\xampplite\htdocs\geocan\lib\Cake\Routing\Dispatcher.php(103): Controller->invokeAction(Object(CakeRequest))
#1 G:\xampplite\htdocs\geocan\lib\Cake\Routing\Dispatcher.php(85): Dispatcher->_invoke(Object(PatientsController), Object(CakeRequest), Object(CakeResponse))
#2 G:\xampplite\htdocs\geocan\app\webroot\index.php(96): Dispatcher->dispatch(Object(CakeRequest), Object(CakeResponse))
#3 {main}
2012-06-25 01:02:53 Error: [MissingActionException] Action PatientsController::users() could not be found.
#0 G:\xampplite\htdocs\geocan\lib\Cake\Routing\Dispatcher.php(103): Controller->invokeAction(Object(CakeRequest))
#1 G:\xampplite\htdocs\geocan\lib\Cake\Routing\Dispatcher.php(85): Dispatcher->_invoke(Object(PatientsController), Object(CakeRequest), Object(CakeResponse))
#2 G:\xampplite\htdocs\geocan\app\webroot\index.php(96): Dispatcher->dispatch(Object(CakeRequest), Object(CakeResponse))
#3 {main}
2012-06-25 01:02:57 Error: [MissingActionException] Action PatientsController::users() could not be found.
#0 G:\xampplite\htdocs\geocan\lib\Cake\Routing\Dispatcher.php(103): Controller->invokeAction(Object(CakeRequest))
#1 G:\xampplite\htdocs\geocan\lib\Cake\Routing\Dispatcher.php(85): Dispatcher->_invoke(Object(PatientsController), Object(CakeRequest), Object(CakeResponse))
#2 G:\xampplite\htdocs\geocan\app\webroot\index.php(96): Dispatcher->dispatch(Object(CakeRequest), Object(CakeResponse))
#3 {main}
2012-06-25 01:03:17 Error: [MissingActionException] Action PatientsController::users() could not be found.
#0 G:\xampplite\htdocs\geocan\lib\Cake\Routing\Dispatcher.php(103): Controller->invokeAction(Object(CakeRequest))
#1 G:\xampplite\htdocs\geocan\lib\Cake\Routing\Dispatcher.php(85): Dispatcher->_invoke(Object(PatientsController), Object(CakeRequest), Object(CakeResponse))
#2 G:\xampplite\htdocs\geocan\app\webroot\index.php(96): Dispatcher->dispatch(Object(CakeRequest), Object(CakeResponse))
#3 {main}
2012-06-25 01:04:55 Error: [MissingViewException] View file "G:\xampplite\htdocs\geocan\app\View\Users\init_d_b.ctp" is missing.
#0 G:\xampplite\htdocs\geocan\lib\Cake\View\View.php(460): View->_getViewFileName(NULL)
#1 G:\xampplite\htdocs\geocan\lib\Cake\Controller\Controller.php(959): View->render(NULL, NULL)
#2 G:\xampplite\htdocs\geocan\lib\Cake\Routing\Dispatcher.php(110): Controller->render()
#3 G:\xampplite\htdocs\geocan\lib\Cake\Routing\Dispatcher.php(85): Dispatcher->_invoke(Object(UsersController), Object(CakeRequest), Object(CakeResponse))
#4 G:\xampplite\htdocs\geocan\app\webroot\index.php(96): Dispatcher->dispatch(Object(CakeRequest), Object(CakeResponse))
#5 {main}
2012-06-28 01:35:55 Error: [MissingActionException] Action AddressesController::reportes() could not be found.
#0 G:\xampplite\htdocs\geocan\lib\Cake\Routing\Dispatcher.php(103): Controller->invokeAction(Object(CakeRequest))
#1 G:\xampplite\htdocs\geocan\lib\Cake\Routing\Dispatcher.php(85): Dispatcher->_invoke(Object(AddressesController), Object(CakeRequest), Object(CakeResponse))
#2 G:\xampplite\htdocs\geocan\app\webroot\index.php(96): Dispatcher->dispatch(Object(CakeRequest), Object(CakeResponse))
#3 {main}
2012-06-28 01:35:58 Error: [PDOException] SQLSTATE[42000]: Syntax error or access violation: 1064 You have an error in your SQL syntax; check the manual that corresponds to your MySQL server version for the right syntax to use near '.longitud from ( select p.sexo, (DATE_FORMAT(FROM_DAYS(TO_DAYS(NOW()) - TO_DAYS(' at line 1
#0 G:\xampplite\htdocs\geocan\lib\Cake\Model\Datasource\DboSource.php(437): PDOStatement->execute(Array)
#1 G:\xampplite\htdocs\geocan\lib\Cake\Model\Datasource\DboSource.php(403): DboSource->_execute('select Patient....', Array)
#2 G:\xampplite\htdocs\geocan\lib\Cake\Model\Datasource\DboSource.php(647): DboSource->execute('select Patient....', Array, Array)
#3 G:\xampplite\htdocs\geocan\lib\Cake\Model\Datasource\DboSource.php(516): DboSource->fetchAll('select Patient....')
#4 [internal function]: DboSource->query('select Patient....')
#5 G:\xampplite\htdocs\geocan\lib\Cake\Model\Model.php(3010): call_user_func_array(Array, Array)
#6 G:\xampplite\htdocs\geocan\app\Controller\AddressesController.php(25): Model->query('select Patient....')
#7 [internal function]: AddressesController->reporte()
#8 G:\xampplite\htdocs\geocan\lib\Cake\Controller\Controller.php(485): ReflectionMethod->invokeArgs(Object(AddressesController), Array)
#9 G:\xampplite\htdocs\geocan\lib\Cake\Routing\Dispatcher.php(103): Controller->invokeAction(Object(CakeRequest))
#10 G:\xampplite\htdocs\geocan\lib\Cake\Routing\Dispatcher.php(85): Dispatcher->_invoke(Object(AddressesController), Object(CakeRequest), Object(CakeResponse))
#11 G:\xampplite\htdocs\geocan\app\webroot\index.php(96): Dispatcher->dispatch(Object(CakeRequest), Object(CakeResponse))
#12 {main}
2012-06-28 01:36:16 Error: [PDOException] SQLSTATE[42S22]: Column not found: 1054 Unknown column 'Patient.iniciales' in 'field list'
#0 G:\xampplite\htdocs\geocan\lib\Cake\Model\Datasource\DboSource.php(437): PDOStatement->execute(Array)
#1 G:\xampplite\htdocs\geocan\lib\Cake\Model\Datasource\DboSource.php(403): DboSource->_execute('select Patient....', Array)
#2 G:\xampplite\htdocs\geocan\lib\Cake\Model\Datasource\DboSource.php(647): DboSource->execute('select Patient....', Array, Array)
#3 G:\xampplite\htdocs\geocan\lib\Cake\Model\Datasource\DboSource.php(516): DboSource->fetchAll('select Patient....')
#4 [internal function]: DboSource->query('select Patient....')
#5 G:\xampplite\htdocs\geocan\lib\Cake\Model\Model.php(3010): call_user_func_array(Array, Array)
#6 G:\xampplite\htdocs\geocan\app\Controller\AddressesController.php(25): Model->query('select Patient....')
#7 [internal function]: AddressesController->reporte()
#8 G:\xampplite\htdocs\geocan\lib\Cake\Controller\Controller.php(485): ReflectionMethod->invokeArgs(Object(AddressesController), Array)
#9 G:\xampplite\htdocs\geocan\lib\Cake\Routing\Dispatcher.php(103): Controller->invokeAction(Object(CakeRequest))
#10 G:\xampplite\htdocs\geocan\lib\Cake\Routing\Dispatcher.php(85): Dispatcher->_invoke(Object(AddressesController), Object(CakeRequest), Object(CakeResponse))
#11 G:\xampplite\htdocs\geocan\app\webroot\index.php(96): Dispatcher->dispatch(Object(CakeRequest), Object(CakeResponse))
#12 {main}
2012-06-28 01:36:17 Error: [PDOException] SQLSTATE[42S22]: Column not found: 1054 Unknown column 'Patient.iniciales' in 'field list'
#0 G:\xampplite\htdocs\geocan\lib\Cake\Model\Datasource\DboSource.php(437): PDOStatement->execute(Array)
#1 G:\xampplite\htdocs\geocan\lib\Cake\Model\Datasource\DboSource.php(403): DboSource->_execute('select Patient....', Array)
#2 G:\xampplite\htdocs\geocan\lib\Cake\Model\Datasource\DboSource.php(647): DboSource->execute('select Patient....', Array, Array)
#3 G:\xampplite\htdocs\geocan\lib\Cake\Model\Datasource\DboSource.php(516): DboSource->fetchAll('select Patient....')
#4 [internal function]: DboSource->query('select Patient....')
#5 G:\xampplite\htdocs\geocan\lib\Cake\Model\Model.php(3010): call_user_func_array(Array, Array)
#6 G:\xampplite\htdocs\geocan\app\Controller\AddressesController.php(25): Model->query('select Patient....')
#7 [internal function]: AddressesController->reporte()
#8 G:\xampplite\htdocs\geocan\lib\Cake\Controller\Controller.php(485): ReflectionMethod->invokeArgs(Object(AddressesController), Array)
#9 G:\xampplite\htdocs\geocan\lib\Cake\Routing\Dispatcher.php(103): Controller->invokeAction(Object(CakeRequest))
#10 G:\xampplite\htdocs\geocan\lib\Cake\Routing\Dispatcher.php(85): Dispatcher->_invoke(Object(AddressesController), Object(CakeRequest), Object(CakeResponse))
#11 G:\xampplite\htdocs\geocan\app\webroot\index.php(96): Dispatcher->dispatch(Object(CakeRequest), Object(CakeResponse))
#12 {main}
2012-07-02 00:33:57 Error: [PDOException] SQLSTATE[42S22]: Column not found: 1054 Unknown column 'p.sexo' in 'where clause'
#0 G:\xampplite\htdocs\geocan\lib\Cake\Model\Datasource\DboSource.php(437): PDOStatement->execute(Array)
#1 G:\xampplite\htdocs\geocan\lib\Cake\Model\Datasource\DboSource.php(403): DboSource->_execute('select Patient....', Array)
#2 G:\xampplite\htdocs\geocan\lib\Cake\Model\Datasource\DboSource.php(647): DboSource->execute('select Patient....', Array, Array)
#3 G:\xampplite\htdocs\geocan\lib\Cake\Model\Datasource\DboSource.php(516): DboSource->fetchAll('select Patient....')
#4 [internal function]: DboSource->query('select Patient....')
#5 G:\xampplite\htdocs\geocan\lib\Cake\Model\Model.php(3010): call_user_func_array(Array, Array)
#6 G:\xampplite\htdocs\geocan\app\Controller\AddressesController.php(46): Model->query('select Patient....')
#7 [internal function]: AddressesController->reporte()
#8 G:\xampplite\htdocs\geocan\lib\Cake\Controller\Controller.php(485): ReflectionMethod->invokeArgs(Object(AddressesController), Array)
#9 G:\xampplite\htdocs\geocan\lib\Cake\Routing\Dispatcher.php(103): Controller->invokeAction(Object(CakeRequest))
#10 G:\xampplite\htdocs\geocan\lib\Cake\Routing\Dispatcher.php(85): Dispatcher->_invoke(Object(AddressesController), Object(CakeRequest), Object(CakeResponse))
#11 G:\xampplite\htdocs\geocan\app\webroot\index.php(96): Dispatcher->dispatch(Object(CakeRequest), Object(CakeResponse))
#12 {main}
2012-07-02 01:25:00 Error: [PDOException] SQLSTATE[42S22]: Column not found: 1054 Unknown column 'p.edad' in 'where clause'
#0 G:\xampplite\htdocs\geocan\lib\Cake\Model\Datasource\DboSource.php(437): PDOStatement->execute(Array)
#1 G:\xampplite\htdocs\geocan\lib\Cake\Model\Datasource\DboSource.php(403): DboSource->_execute('select Patient....', Array)
#2 G:\xampplite\htdocs\geocan\lib\Cake\Model\Datasource\DboSource.php(647): DboSource->execute('select Patient....', Array, Array)
#3 G:\xampplite\htdocs\geocan\lib\Cake\Model\Datasource\DboSource.php(516): DboSource->fetchAll('select Patient....')
#4 [internal function]: DboSource->query('select Patient....')
#5 G:\xampplite\htdocs\geocan\lib\Cake\Model\Model.php(3010): call_user_func_array(Array, Array)
#6 G:\xampplite\htdocs\geocan\app\Controller\AddressesController.php(75): Model->query('select Patient....')
#7 [internal function]: AddressesController->reporte()
#8 G:\xampplite\htdocs\geocan\lib\Cake\Controller\Controller.php(485): ReflectionMethod->invokeArgs(Object(AddressesController), Array)
#9 G:\xampplite\htdocs\geocan\lib\Cake\Routing\Dispatcher.php(103): Controller->invokeAction(Object(CakeRequest))
#10 G:\xampplite\htdocs\geocan\lib\Cake\Routing\Dispatcher.php(85): Dispatcher->_invoke(Object(AddressesController), Object(CakeRequest), Object(CakeResponse))
#11 G:\xampplite\htdocs\geocan\app\webroot\index.php(96): Dispatcher->dispatch(Object(CakeRequest), Object(CakeResponse))
#12 {main}
2012-07-02 01:25:33 Error: [PDOException] SQLSTATE[42S22]: Column not found: 1054 Unknown column 'edad' in 'where clause'
#0 G:\xampplite\htdocs\geocan\lib\Cake\Model\Datasource\DboSource.php(437): PDOStatement->execute(Array)
#1 G:\xampplite\htdocs\geocan\lib\Cake\Model\Datasource\DboSource.php(403): DboSource->_execute('select Patient....', Array)
#2 G:\xampplite\htdocs\geocan\lib\Cake\Model\Datasource\DboSource.php(647): DboSource->execute('select Patient....', Array, Array)
#3 G:\xampplite\htdocs\geocan\lib\Cake\Model\Datasource\DboSource.php(516): DboSource->fetchAll('select Patient....')
#4 [internal function]: DboSource->query('select Patient....')
#5 G:\xampplite\htdocs\geocan\lib\Cake\Model\Model.php(3010): call_user_func_array(Array, Array)
#6 G:\xampplite\htdocs\geocan\app\Controller\AddressesController.php(75): Model->query('select Patient....')
#7 [internal function]: AddressesController->reporte()
#8 G:\xampplite\htdocs\geocan\lib\Cake\Controller\Controller.php(485): ReflectionMethod->invokeArgs(Object(AddressesController), Array)
#9 G:\xampplite\htdocs\geocan\lib\Cake\Routing\Dispatcher.php(103): Controller->invokeAction(Object(CakeRequest))
#10 G:\xampplite\htdocs\geocan\lib\Cake\Routing\Dispatcher.php(85): Dispatcher->_invoke(Object(AddressesController), Object(CakeRequest), Object(CakeResponse))
#11 G:\xampplite\htdocs\geocan\app\webroot\index.php(96): Dispatcher->dispatch(Object(CakeRequest), Object(CakeResponse))
#12 {main}
2012-07-02 01:33:30 Error: [PDOException] SQLSTATE[42S22]: Column not found: 1054 Unknown column 'dfgd' in 'where clause'
#0 G:\xampplite\htdocs\geocan\lib\Cake\Model\Datasource\DboSource.php(437): PDOStatement->execute(Array)
#1 G:\xampplite\htdocs\geocan\lib\Cake\Model\Datasource\DboSource.php(403): DboSource->_execute('select Patient....', Array)
#2 G:\xampplite\htdocs\geocan\lib\Cake\Model\Datasource\DboSource.php(647): DboSource->execute('select Patient....', Array, Array)
#3 G:\xampplite\htdocs\geocan\lib\Cake\Model\Datasource\DboSource.php(516): DboSource->fetchAll('select Patient....')
#4 [internal function]: DboSource->query('select Patient....')
#5 G:\xampplite\htdocs\geocan\lib\Cake\Model\Model.php(3010): call_user_func_array(Array, Array)
#6 G:\xampplite\htdocs\geocan\app\Controller\AddressesController.php(74): Model->query('select Patient....')
#7 [internal function]: AddressesController->reporte()
#8 G:\xampplite\htdocs\geocan\lib\Cake\Controller\Controller.php(485): ReflectionMethod->invokeArgs(Object(AddressesController), Array)
#9 G:\xampplite\htdocs\geocan\lib\Cake\Routing\Dispatcher.php(103): Controller->invokeAction(Object(CakeRequest))
#10 G:\xampplite\htdocs\geocan\lib\Cake\Routing\Dispatcher.php(85): Dispatcher->_invoke(Object(AddressesController), Object(CakeRequest), Object(CakeResponse))
#11 G:\xampplite\htdocs\geocan\app\webroot\index.php(96): Dispatcher->dispatch(Object(CakeRequest), Object(CakeResponse))
#12 {main}
2012-07-04 22:34:04 Error: [MissingComponentException] Component class SecurimageComponent could not be found.
#0 G:\xampplite\htdocs\geocan\lib\Cake\Controller\ComponentCollection.php(52): ComponentCollection->load('Securimage', Array)
#1 G:\xampplite\htdocs\geocan\lib\Cake\Controller\Controller.php(635): ComponentCollection->init(Object(UsersController))
#2 G:\xampplite\htdocs\geocan\lib\Cake\Routing\Dispatcher.php(99): Controller->constructClasses()
#3 G:\xampplite\htdocs\geocan\lib\Cake\Routing\Dispatcher.php(85): Dispatcher->_invoke(Object(UsersController), Object(CakeRequest), Object(CakeResponse))
#4 G:\xampplite\htdocs\geocan\app\webroot\index.php(96): Dispatcher->dispatch(Object(CakeRequest), Object(CakeResponse))
#5 {main}
2012-07-04 22:34:37 Error: [MissingComponentException] Component class SecurimageComponent could not be found.
#0 G:\xampplite\htdocs\geocan\lib\Cake\Controller\ComponentCollection.php(52): ComponentCollection->load('Securimage', Array)
#1 G:\xampplite\htdocs\geocan\lib\Cake\Controller\Controller.php(635): ComponentCollection->init(Object(UsersController))
#2 G:\xampplite\htdocs\geocan\lib\Cake\Routing\Dispatcher.php(99): Controller->constructClasses()
#3 G:\xampplite\htdocs\geocan\lib\Cake\Routing\Dispatcher.php(85): Dispatcher->_invoke(Object(UsersController), Object(CakeRequest), Object(CakeResponse))
#4 G:\xampplite\htdocs\geocan\app\webroot\index.php(96): Dispatcher->dispatch(Object(CakeRequest), Object(CakeResponse))
#5 {main}
2012-07-04 22:42:02 Error: [MissingComponentException] Component class SecurimageComponent could not be found.
#0 G:\xampplite\htdocs\geocan\lib\Cake\Controller\ComponentCollection.php(52): ComponentCollection->load('Securimage', Array)
#1 G:\xampplite\htdocs\geocan\lib\Cake\Controller\Controller.php(635): ComponentCollection->init(Object(UsersController))
#2 G:\xampplite\htdocs\geocan\lib\Cake\Routing\Dispatcher.php(99): Controller->constructClasses()
#3 G:\xampplite\htdocs\geocan\lib\Cake\Routing\Dispatcher.php(85): Dispatcher->_invoke(Object(UsersController), Object(CakeRequest), Object(CakeResponse))
#4 G:\xampplite\htdocs\geocan\app\webroot\index.php(96): Dispatcher->dispatch(Object(CakeRequest), Object(CakeResponse))
#5 {main}
2012-07-04 22:42:06 Error: [MissingComponentException] Component class SecurimageComponent could not be found.
#0 G:\xampplite\htdocs\geocan\lib\Cake\Controller\ComponentCollection.php(52): ComponentCollection->load('Securimage', Array)
#1 G:\xampplite\htdocs\geocan\lib\Cake\Controller\Controller.php(635): ComponentCollection->init(Object(UsersController))
#2 G:\xampplite\htdocs\geocan\lib\Cake\Routing\Dispatcher.php(99): Controller->constructClasses()
#3 G:\xampplite\htdocs\geocan\lib\Cake\Routing\Dispatcher.php(85): Dispatcher->_invoke(Object(UsersController), Object(CakeRequest), Object(CakeResponse))
#4 G:\xampplite\htdocs\geocan\app\webroot\index.php(96): Dispatcher->dispatch(Object(CakeRequest), Object(CakeResponse))
#5 {main}
2012-07-04 22:42:23 Error: [MissingComponentException] Component class SecurimageComponent could not be found.
#0 G:\xampplite\htdocs\geocan\lib\Cake\Controller\ComponentCollection.php(52): ComponentCollection->load('Securimage', Array)
#1 G:\xampplite\htdocs\geocan\lib\Cake\Controller\Controller.php(635): ComponentCollection->init(Object(UsersController))
#2 G:\xampplite\htdocs\geocan\lib\Cake\Routing\Dispatcher.php(99): Controller->constructClasses()
#3 G:\xampplite\htdocs\geocan\lib\Cake\Routing\Dispatcher.php(85): Dispatcher->_invoke(Object(UsersController), Object(CakeRequest), Object(CakeResponse))
#4 G:\xampplite\htdocs\geocan\app\webroot\index.php(96): Dispatcher->dispatch(Object(CakeRequest), Object(CakeResponse))
#5 {main}
2012-07-04 22:42:26 Error: [MissingComponentException] Component class SecurimageComponent could not be found.
#0 G:\xampplite\htdocs\geocan\lib\Cake\Controller\ComponentCollection.php(52): ComponentCollection->load('Securimage', Array)
#1 G:\xampplite\htdocs\geocan\lib\Cake\Controller\Controller.php(635): ComponentCollection->init(Object(UsersController))
#2 G:\xampplite\htdocs\geocan\lib\Cake\Routing\Dispatcher.php(99): Controller->constructClasses()
#3 G:\xampplite\htdocs\geocan\lib\Cake\Routing\Dispatcher.php(85): Dispatcher->_invoke(Object(UsersController), Object(CakeRequest), Object(CakeResponse))
#4 G:\xampplite\htdocs\geocan\app\webroot\index.php(96): Dispatcher->dispatch(Object(CakeRequest), Object(CakeResponse))
#5 {main}
2012-07-04 22:42:35 Error: [MissingComponentException] Component class SecurimageComponent could not be found.
#0 G:\xampplite\htdocs\geocan\lib\Cake\Controller\ComponentCollection.php(52): ComponentCollection->load('Securimage', Array)
#1 G:\xampplite\htdocs\geocan\lib\Cake\Controller\Controller.php(635): ComponentCollection->init(Object(UsersController))
#2 G:\xampplite\htdocs\geocan\lib\Cake\Routing\Dispatcher.php(99): Controller->constructClasses()
#3 G:\xampplite\htdocs\geocan\lib\Cake\Routing\Dispatcher.php(85): Dispatcher->_invoke(Object(UsersController), Object(CakeRequest), Object(CakeResponse))
#4 G:\xampplite\htdocs\geocan\app\webroot\index.php(96): Dispatcher->dispatch(Object(CakeRequest), Object(CakeResponse))
#5 {main}
2012-07-04 22:42:38 Error: [MissingComponentException] Component class SecurimageComponent could not be found.
#0 G:\xampplite\htdocs\geocan\lib\Cake\Controller\ComponentCollection.php(52): ComponentCollection->load('Securimage', Array)
#1 G:\xampplite\htdocs\geocan\lib\Cake\Controller\Controller.php(635): ComponentCollection->init(Object(UsersController))
#2 G:\xampplite\htdocs\geocan\lib\Cake\Routing\Dispatcher.php(99): Controller->constructClasses()
#3 G:\xampplite\htdocs\geocan\lib\Cake\Routing\Dispatcher.php(85): Dispatcher->_invoke(Object(UsersController), Object(CakeRequest), Object(CakeResponse))
#4 G:\xampplite\htdocs\geocan\app\webroot\index.php(96): Dispatcher->dispatch(Object(CakeRequest), Object(CakeResponse))
#5 {main}
2012-07-04 22:43:08 Error: [MissingComponentException] Component class SecurimageComponent could not be found.
#0 G:\xampplite\htdocs\geocan\lib\Cake\Controller\ComponentCollection.php(52): ComponentCollection->load('Securimage', Array)
#1 G:\xampplite\htdocs\geocan\lib\Cake\Controller\Controller.php(635): ComponentCollection->init(Object(UsersController))
#2 G:\xampplite\htdocs\geocan\lib\Cake\Routing\Dispatcher.php(99): Controller->constructClasses()
#3 G:\xampplite\htdocs\geocan\lib\Cake\Routing\Dispatcher.php(85): Dispatcher->_invoke(Object(UsersController), Object(CakeRequest), Object(CakeResponse))
#4 G:\xampplite\htdocs\geocan\app\webroot\index.php(96): Dispatcher->dispatch(Object(CakeRequest), Object(CakeResponse))
#5 {main}
2012-07-04 22:45:40 Error: [MissingComponentException] Component class CaptchaComponent could not be found.
#0 G:\xampplite\htdocs\geocan\lib\Cake\Controller\ComponentCollection.php(52): ComponentCollection->load('Captcha', Array)
#1 G:\xampplite\htdocs\geocan\lib\Cake\Controller\Controller.php(635): ComponentCollection->init(Object(UsersController))
#2 G:\xampplite\htdocs\geocan\lib\Cake\Routing\Dispatcher.php(99): Controller->constructClasses()
#3 G:\xampplite\htdocs\geocan\lib\Cake\Routing\Dispatcher.php(85): Dispatcher->_invoke(Object(UsersController), Object(CakeRequest), Object(CakeResponse))
#4 G:\xampplite\htdocs\geocan\app\webroot\index.php(96): Dispatcher->dispatch(Object(CakeRequest), Object(CakeResponse))
#5 {main}
2012-07-04 22:45:41 Error: [MissingComponentException] Component class CaptchaComponent could not be found.
#0 G:\xampplite\htdocs\geocan\lib\Cake\Controller\ComponentCollection.php(52): ComponentCollection->load('Captcha', Array)
#1 G:\xampplite\htdocs\geocan\lib\Cake\Controller\Controller.php(635): ComponentCollection->init(Object(UsersController))
#2 G:\xampplite\htdocs\geocan\lib\Cake\Routing\Dispatcher.php(99): Controller->constructClasses()
#3 G:\xampplite\htdocs\geocan\lib\Cake\Routing\Dispatcher.php(85): Dispatcher->_invoke(Object(UsersController), Object(CakeRequest), Object(CakeResponse))
#4 G:\xampplite\htdocs\geocan\app\webroot\index.php(96): Dispatcher->dispatch(Object(CakeRequest), Object(CakeResponse))
#5 {main}
2012-07-04 22:45:44 Error: [MissingComponentException] Component class CaptchaComponent could not be found.
#0 G:\xampplite\htdocs\geocan\lib\Cake\Controller\ComponentCollection.php(52): ComponentCollection->load('Captcha', Array)
#1 G:\xampplite\htdocs\geocan\lib\Cake\Controller\Controller.php(635): ComponentCollection->init(Object(UsersController))
#2 G:\xampplite\htdocs\geocan\lib\Cake\Routing\Dispatcher.php(99): Controller->constructClasses()
#3 G:\xampplite\htdocs\geocan\lib\Cake\Routing\Dispatcher.php(85): Dispatcher->_invoke(Object(UsersController), Object(CakeRequest), Object(CakeResponse))
#4 G:\xampplite\htdocs\geocan\app\webroot\index.php(96): Dispatcher->dispatch(Object(CakeRequest), Object(CakeResponse))
#5 {main}
2012-07-04 22:45:57 Error: [MissingComponentException] Component class CaptchaComponent could not be found.
#0 G:\xampplite\htdocs\geocan\lib\Cake\Controller\ComponentCollection.php(52): ComponentCollection->load('Captcha', Array)
#1 G:\xampplite\htdocs\geocan\lib\Cake\Controller\Controller.php(635): ComponentCollection->init(Object(UsersController))
#2 G:\xampplite\htdocs\geocan\lib\Cake\Routing\Dispatcher.php(99): Controller->constructClasses()
#3 G:\xampplite\htdocs\geocan\lib\Cake\Routing\Dispatcher.php(85): Dispatcher->_invoke(Object(UsersController), Object(CakeRequest), Object(CakeResponse))
#4 G:\xampplite\htdocs\geocan\app\webroot\index.php(96): Dispatcher->dispatch(Object(CakeRequest), Object(CakeResponse))
#5 {main}
2012-07-04 22:45:59 Error: [MissingComponentException] Component class CaptchaComponent could not be found.
#0 G:\xampplite\htdocs\geocan\lib\Cake\Controller\ComponentCollection.php(52): ComponentCollection->load('Captcha', Array)
#1 G:\xampplite\htdocs\geocan\lib\Cake\Controller\Controller.php(635): ComponentCollection->init(Object(UsersController))
#2 G:\xampplite\htdocs\geocan\lib\Cake\Routing\Dispatcher.php(99): Controller->constructClasses()
#3 G:\xampplite\htdocs\geocan\lib\Cake\Routing\Dispatcher.php(85): Dispatcher->_invoke(Object(UsersController), Object(CakeRequest), Object(CakeResponse))
#4 G:\xampplite\htdocs\geocan\app\webroot\index.php(96): Dispatcher->dispatch(Object(CakeRequest), Object(CakeResponse))
#5 {main}
2012-07-04 22:53:24 Error: [MissingComponentException] Component class CaptchaComponent could not be found.
#0 G:\xampplite\htdocs\geocan\lib\Cake\Controller\ComponentCollection.php(52): ComponentCollection->load('Captcha', Array)
#1 G:\xampplite\htdocs\geocan\lib\Cake\Controller\Controller.php(635): ComponentCollection->init(Object(UsersController))
#2 G:\xampplite\htdocs\geocan\lib\Cake\Routing\Dispatcher.php(99): Controller->constructClasses()
#3 G:\xampplite\htdocs\geocan\lib\Cake\Routing\Dispatcher.php(85): Dispatcher->_invoke(Object(UsersController), Object(CakeRequest), Object(CakeResponse))
#4 G:\xampplite\htdocs\geocan\app\webroot\index.php(96): Dispatcher->dispatch(Object(CakeRequest), Object(CakeResponse))
#5 {main}
2012-07-04 23:00:56 Error: [PDOException] SQLSTATE[42000]: Syntax error or access violation: 1064 You have an error in your SQL syntax; check the manual that corresponds to your MySQL server version for the right syntax to use near 'setCaptcha' at line 1
#0 G:\xampplite\htdocs\geocan\lib\Cake\Model\Datasource\DboSource.php(437): PDOStatement->execute(Array)
#1 G:\xampplite\htdocs\geocan\lib\Cake\Model\Datasource\DboSource.php(403): DboSource->_execute('setCaptcha', Array)
#2 G:\xampplite\htdocs\geocan\lib\Cake\Model\Datasource\DboSource.php(647): DboSource->execute('setCaptcha', Array, Array)
#3 G:\xampplite\htdocs\geocan\lib\Cake\Model\Datasource\DboSource.php(589): DboSource->fetchAll('setCaptcha', Array, Array)
#4 G:\xampplite\htdocs\geocan\lib\Cake\Model\Model.php(775): DboSource->query('setCaptcha', Array, Object(User))
#5 [internal function]: Model->__call('setCaptcha', Array)
#6 G:\xampplite\htdocs\geocan\app\Controller\UsersController.php(219): User->setCaptcha(NULL)
#7 [internal function]: UsersController->login()
#8 G:\xampplite\htdocs\geocan\lib\Cake\Controller\Controller.php(485): ReflectionMethod->invokeArgs(Object(UsersController), Array)
#9 G:\xampplite\htdocs\geocan\lib\Cake\Routing\Dispatcher.php(103): Controller->invokeAction(Object(CakeRequest))
#10 G:\xampplite\htdocs\geocan\lib\Cake\Routing\Dispatcher.php(85): Dispatcher->_invoke(Object(UsersController), Object(CakeRequest), Object(CakeResponse))
#11 G:\xampplite\htdocs\geocan\app\webroot\index.php(96): Dispatcher->dispatch(Object(CakeRequest), Object(CakeResponse))
#12 {main}
2012-07-04 23:02:43 Error: [PDOException] SQLSTATE[42000]: Syntax error or access violation: 1064 You have an error in your SQL syntax; check the manual that corresponds to your MySQL server version for the right syntax to use near 'setCaptcha' at line 1
#0 G:\xampplite\htdocs\geocan\lib\Cake\Model\Datasource\DboSource.php(437): PDOStatement->execute(Array)
#1 G:\xampplite\htdocs\geocan\lib\Cake\Model\Datasource\DboSource.php(403): DboSource->_execute('setCaptcha', Array)
#2 G:\xampplite\htdocs\geocan\lib\Cake\Model\Datasource\DboSource.php(647): DboSource->execute('setCaptcha', Array, Array)
#3 G:\xampplite\htdocs\geocan\lib\Cake\Model\Datasource\DboSource.php(589): DboSource->fetchAll('setCaptcha', Array, Array)
#4 G:\xampplite\htdocs\geocan\lib\Cake\Model\Model.php(775): DboSource->query('setCaptcha', Array, Object(User))
#5 [internal function]: Model->__call('setCaptcha', Array)
#6 G:\xampplite\htdocs\geocan\app\Controller\UsersController.php(219): User->setCaptcha(NULL)
#7 [internal function]: UsersController->login()
#8 G:\xampplite\htdocs\geocan\lib\Cake\Controller\Controller.php(485): ReflectionMethod->invokeArgs(Object(UsersController), Array)
#9 G:\xampplite\htdocs\geocan\lib\Cake\Routing\Dispatcher.php(103): Controller->invokeAction(Object(CakeRequest))
#10 G:\xampplite\htdocs\geocan\lib\Cake\Routing\Dispatcher.php(85): Dispatcher->_invoke(Object(UsersController), Object(CakeRequest), Object(CakeResponse))
#11 G:\xampplite\htdocs\geocan\app\webroot\index.php(96): Dispatcher->dispatch(Object(CakeRequest), Object(CakeResponse))
#12 {main}
2012-07-04 23:06:31 Error: [MissingControllerException] Controller class SignupsController could not be found.
#0 G:\xampplite\htdocs\geocan\app\webroot\index.php(96): Dispatcher->dispatch(Object(CakeRequest), Object(CakeResponse))
#1 {main}
2012-07-04 23:06:32 Error: [MissingControllerException] Controller class SignupsController could not be found.
#0 G:\xampplite\htdocs\geocan\app\webroot\index.php(96): Dispatcher->dispatch(Object(CakeRequest), Object(CakeResponse))
#1 {main}
2012-07-04 23:07:58 Error: [MissingControllerException] Controller class CaptchaController could not be found.
#0 G:\xampplite\htdocs\geocan\app\webroot\index.php(96): Dispatcher->dispatch(Object(CakeRequest), Object(CakeResponse))
#1 {main}
2012-07-04 23:08:22 Error: [MissingControllerException] Controller class CaptchaController could not be found.
#0 G:\xampplite\htdocs\geocan\app\webroot\index.php(96): Dispatcher->dispatch(Object(CakeRequest), Object(CakeResponse))
#1 {main}
2012-07-04 23:08:34 Error: [MissingControllerException] Controller class CaptchaController could not be found.
#0 G:\xampplite\htdocs\geocan\app\webroot\index.php(96): Dispatcher->dispatch(Object(CakeRequest), Object(CakeResponse))
#1 {main}
2012-07-04 23:08:42 Error: [MissingControllerException] Controller class CaptchaController could not be found.
#0 G:\xampplite\htdocs\geocan\app\webroot\index.php(96): Dispatcher->dispatch(Object(CakeRequest), Object(CakeResponse))
#1 {main}
2012-07-04 23:14:41 Error: [MissingControllerException] Controller class CaptchaController could not be found.
#0 G:\xampplite\htdocs\geocan\app\webroot\index.php(96): Dispatcher->dispatch(Object(CakeRequest), Object(CakeResponse))
#1 {main}
2012-07-05 20:19:06 Error: [MissingPluginException] Plugin AuditLog could not be found.
#0 G:\xampplite\htdocs\geocan\lib\Cake\Core\App.php(364): CakePlugin::path('AuditLog')
#1 G:\xampplite\htdocs\geocan\lib\Cake\Core\App.php(225): App::pluginPath('AuditLog')
#2 G:\xampplite\htdocs\geocan\lib\Cake\Core\App.php(542): App::path('Model/Behavior', 'AuditLog')
#3 [internal function]: App::load('AuditableBehavi...')
#4 [internal function]: spl_autoload_call('AuditableBehavi...')
#5 G:\xampplite\htdocs\geocan\lib\Cake\Model\BehaviorCollection.php(121): class_exists('AuditableBehavi...')
#6 G:\xampplite\htdocs\geocan\lib\Cake\Model\BehaviorCollection.php(68): BehaviorCollection->load('AuditLog.Audita...', Array)
#7 G:\xampplite\htdocs\geocan\lib\Cake\Model\Model.php(725): BehaviorCollection->init('City', Array)
#8 [internal function]: Model->__construct(Array)
#9 G:\xampplite\htdocs\geocan\lib\Cake\Utility\ClassRegistry.php(156): ReflectionClass->newInstance(Array)
#10 G:\xampplite\htdocs\geocan\lib\Cake\Controller\Controller.php(734): ClassRegistry::init(Array)
#11 G:\xampplite\htdocs\geocan\lib\Cake\Controller\Controller.php(366): Controller->loadModel('City')
#12 G:\xampplite\htdocs\geocan\lib\Cake\Controller\Controller.php(404): Controller->__isset('City')
#13 G:\xampplite\htdocs\geocan\app\Controller\CitiesController.php(17): Controller->__get('City')
#14 [internal function]: CitiesController->index()
#15 G:\xampplite\htdocs\geocan\lib\Cake\Controller\Controller.php(485): ReflectionMethod->invokeArgs(Object(CitiesController), Array)
#16 G:\xampplite\htdocs\geocan\lib\Cake\Routing\Dispatcher.php(103): Controller->invokeAction(Object(CakeRequest))
#17 G:\xampplite\htdocs\geocan\lib\Cake\Routing\Dispatcher.php(85): Dispatcher->_invoke(Object(CitiesController), Object(CakeRequest), Object(CakeResponse))
#18 G:\xampplite\htdocs\geocan\app\webroot\index.php(96): Dispatcher->dispatch(Object(CakeRequest), Object(CakeResponse))
#19 {main}
2012-07-05 20:23:27 Error: [PDOException] SQLSTATE[42000]: Syntax error or access violation: 1064 You have an error in your SQL syntax; check the manual that corresponds to your MySQL server version for the right syntax to use near 'currentUser' at line 1
#0 G:\xampplite\htdocs\geocan\lib\Cake\Model\Datasource\DboSource.php(437): PDOStatement->execute(Array)
#1 G:\xampplite\htdocs\geocan\lib\Cake\Model\Datasource\DboSource.php(403): DboSource->_execute('currentUser', Array)
#2 G:\xampplite\htdocs\geocan\lib\Cake\Model\Datasource\DboSource.php(647): DboSource->execute('currentUser', Array, Array)
#3 G:\xampplite\htdocs\geocan\lib\Cake\Model\Datasource\DboSource.php(589): DboSource->fetchAll('currentUser', Array, Array)
#4 G:\xampplite\htdocs\geocan\lib\Cake\Model\Model.php(775): DboSource->query('currentUser', Array, Object(City))
#5 [internal function]: Model->__call('currentUser', Array)
#6 G:\xampplite\htdocs\geocan\app\Plugin\AuditLog\Model\Behavior\AuditableBehavior.php(124): City->currentUser()
#7 [internal function]: AuditableBehavior->afterSave(Object(City), true, Array)
#8 G:\xampplite\htdocs\geocan\lib\Cake\Utility\ObjectCollection.php(130): call_user_func_array(Array, Array)
#9 [internal function]: ObjectCollection->trigger(Object(CakeEvent))
#10 G:\xampplite\htdocs\geocan\lib\Cake\Event\CakeEventManager.php(246): call_user_func(Array, Object(CakeEvent))
#11 G:\xampplite\htdocs\geocan\lib\Cake\Model\Model.php(1728): CakeEventManager->dispatch(Object(CakeEvent))
#12 G:\xampplite\htdocs\geocan\app\Controller\CitiesController.php(43): Model->save(Array)
#13 [internal function]: CitiesController->add()
#14 G:\xampplite\htdocs\geocan\lib\Cake\Controller\Controller.php(485): ReflectionMethod->invokeArgs(Object(CitiesController), Array)
#15 G:\xampplite\htdocs\geocan\lib\Cake\Routing\Dispatcher.php(103): Controller->invokeAction(Object(CakeRequest))
#16 G:\xampplite\htdocs\geocan\lib\Cake\Routing\Dispatcher.php(85): Dispatcher->_invoke(Object(CitiesController), Object(CakeRequest), Object(CakeResponse))
#17 G:\xampplite\htdocs\geocan\app\webroot\index.php(96): Dispatcher->dispatch(Object(CakeRequest), Object(CakeResponse))
#18 {main}
2012-07-05 20:25:34 Error: [PDOException] SQLSTATE[42000]: Syntax error or access violation: 1064 You have an error in your SQL syntax; check the manual that corresponds to your MySQL server version for the right syntax to use near 'currentUser' at line 1
#0 G:\xampplite\htdocs\geocan\lib\Cake\Model\Datasource\DboSource.php(437): PDOStatement->execute(Array)
#1 G:\xampplite\htdocs\geocan\lib\Cake\Model\Datasource\DboSource.php(403): DboSource->_execute('currentUser', Array)
#2 G:\xampplite\htdocs\geocan\lib\Cake\Model\Datasource\DboSource.php(647): DboSource->execute('currentUser', Array, Array)
#3 G:\xampplite\htdocs\geocan\lib\Cake\Model\Datasource\DboSource.php(589): DboSource->fetchAll('currentUser', Array, Array)
#4 G:\xampplite\htdocs\geocan\lib\Cake\Model\Model.php(775): DboSource->query('currentUser', Array, Object(City))
#5 [internal function]: Model->__call('currentUser', Array)
#6 G:\xampplite\htdocs\geocan\app\Plugin\AuditLog\Model\Behavior\AuditableBehavior.php(124): City->currentUser()
#7 [internal function]: AuditableBehavior->afterSave(Object(City), true, Array)
#8 G:\xampplite\htdocs\geocan\lib\Cake\Utility\ObjectCollection.php(130): call_user_func_array(Array, Array)
#9 [internal function]: ObjectCollection->trigger(Object(CakeEvent))
#10 G:\xampplite\htdocs\geocan\lib\Cake\Event\CakeEventManager.php(246): call_user_func(Array, Object(CakeEvent))
#11 G:\xampplite\htdocs\geocan\lib\Cake\Model\Model.php(1728): CakeEventManager->dispatch(Object(CakeEvent))
#12 G:\xampplite\htdocs\geocan\app\Controller\CitiesController.php(43): Model->save(Array)
#13 [internal function]: CitiesController->add()
#14 G:\xampplite\htdocs\geocan\lib\Cake\Controller\Controller.php(485): ReflectionMethod->invokeArgs(Object(CitiesController), Array)
#15 G:\xampplite\htdocs\geocan\lib\Cake\Routing\Dispatcher.php(103): Controller->invokeAction(Object(CakeRequest))
#16 G:\xampplite\htdocs\geocan\lib\Cake\Routing\Dispatcher.php(85): Dispatcher->_invoke(Object(CitiesController), Object(CakeRequest), Object(CakeResponse))
#17 G:\xampplite\htdocs\geocan\app\webroot\index.php(96): Dispatcher->dispatch(Object(CakeRequest), Object(CakeResponse))
#18 {main}
2012-07-05 20:31:08 Error: [PDOException] SQLSTATE[42000]: Syntax error or access violation: 1064 You have an error in your SQL syntax; check the manual that corresponds to your MySQL server version for the right syntax to use near 'currentUser' at line 1
#0 G:\xampplite\htdocs\geocan\lib\Cake\Model\Datasource\DboSource.php(437): PDOStatement->execute(Array)
#1 G:\xampplite\htdocs\geocan\lib\Cake\Model\Datasource\DboSource.php(403): DboSource->_execute('currentUser', Array)
#2 G:\xampplite\htdocs\geocan\lib\Cake\Model\Datasource\DboSource.php(647): DboSource->execute('currentUser', Array, Array)
#3 G:\xampplite\htdocs\geocan\lib\Cake\Model\Datasource\DboSource.php(589): DboSource->fetchAll('currentUser', Array, Array)
#4 G:\xampplite\htdocs\geocan\lib\Cake\Model\Model.php(775): DboSource->query('currentUser', Array, Object(City))
#5 [internal function]: Model->__call('currentUser', Array)
#6 G:\xampplite\htdocs\geocan\app\Plugin\AuditLog\Model\Behavior\AuditableBehavior.php(124): City->currentUser()
#7 [internal function]: AuditableBehavior->afterSave(Object(City), false, Array)
#8 G:\xampplite\htdocs\geocan\lib\Cake\Utility\ObjectCollection.php(130): call_user_func_array(Array, Array)
#9 [internal function]: ObjectCollection->trigger(Object(CakeEvent))
#10 G:\xampplite\htdocs\geocan\lib\Cake\Event\CakeEventManager.php(246): call_user_func(Array, Object(CakeEvent))
#11 G:\xampplite\htdocs\geocan\lib\Cake\Model\Model.php(1728): CakeEventManager->dispatch(Object(CakeEvent))
#12 G:\xampplite\htdocs\geocan\app\Controller\CitiesController.php(68): Model->save(Array)
#13 [internal function]: CitiesController->edit('4')
#14 G:\xampplite\htdocs\geocan\lib\Cake\Controller\Controller.php(485): ReflectionMethod->invokeArgs(Object(CitiesController), Array)
#15 G:\xampplite\htdocs\geocan\lib\Cake\Routing\Dispatcher.php(103): Controller->invokeAction(Object(CakeRequest))
#16 G:\xampplite\htdocs\geocan\lib\Cake\Routing\Dispatcher.php(85): Dispatcher->_invoke(Object(CitiesController), Object(CakeRequest), Object(CakeResponse))
#17 G:\xampplite\htdocs\geocan\app\webroot\index.php(96): Dispatcher->dispatch(Object(CakeRequest), Object(CakeResponse))
#18 {main}
2012-07-05 20:32:02 Error: [PDOException] SQLSTATE[42000]: Syntax error or access violation: 1064 You have an error in your SQL syntax; check the manual that corresponds to your MySQL server version for the right syntax to use near 'currentUser' at line 1
#0 G:\xampplite\htdocs\geocan\lib\Cake\Model\Datasource\DboSource.php(437): PDOStatement->execute(Array)
#1 G:\xampplite\htdocs\geocan\lib\Cake\Model\Datasource\DboSource.php(403): DboSource->_execute('currentUser', Array)
#2 G:\xampplite\htdocs\geocan\lib\Cake\Model\Datasource\DboSource.php(647): DboSource->execute('currentUser', Array, Array)
#3 G:\xampplite\htdocs\geocan\lib\Cake\Model\Datasource\DboSource.php(589): DboSource->fetchAll('currentUser', Array, Array)
#4 G:\xampplite\htdocs\geocan\lib\Cake\Model\Model.php(775): DboSource->query('currentUser', Array, Object(City))
#5 [internal function]: Model->__call('currentUser', Array)
#6 G:\xampplite\htdocs\geocan\app\Plugin\AuditLog\Model\Behavior\AuditableBehavior.php(124): City->currentUser()
#7 [internal function]: AuditableBehavior->afterSave(Object(City), false, Array)
#8 G:\xampplite\htdocs\geocan\lib\Cake\Utility\ObjectCollection.php(130): call_user_func_array(Array, Array)
#9 [internal function]: ObjectCollection->trigger(Object(CakeEvent))
#10 G:\xampplite\htdocs\geocan\lib\Cake\Event\CakeEventManager.php(246): call_user_func(Array, Object(CakeEvent))
#11 G:\xampplite\htdocs\geocan\lib\Cake\Model\Model.php(1728): CakeEventManager->dispatch(Object(CakeEvent))
#12 G:\xampplite\htdocs\geocan\app\Controller\CitiesController.php(68): Model->save(Array)
#13 [internal function]: CitiesController->edit('4')
#14 G:\xampplite\htdocs\geocan\lib\Cake\Controller\Controller.php(485): ReflectionMethod->invokeArgs(Object(CitiesController), Array)
#15 G:\xampplite\htdocs\geocan\lib\Cake\Routing\Dispatcher.php(103): Controller->invokeAction(Object(CakeRequest))
#16 G:\xampplite\htdocs\geocan\lib\Cake\Routing\Dispatcher.php(85): Dispatcher->_invoke(Object(CitiesController), Object(CakeRequest), Object(CakeResponse))
#17 G:\xampplite\htdocs\geocan\app\webroot\index.php(96): Dispatcher->dispatch(Object(CakeRequest), Object(CakeResponse))
#18 {main}
2012-07-05 20:38:10 Error: [PDOException] SQLSTATE[42000]: Syntax error or access violation: 1064 You have an error in your SQL syntax; check the manual that corresponds to your MySQL server version for the right syntax to use near 'currentUser' at line 1
#0 G:\xampplite\htdocs\geocan\lib\Cake\Model\Datasource\DboSource.php(437): PDOStatement->execute(Array)
#1 G:\xampplite\htdocs\geocan\lib\Cake\Model\Datasource\DboSource.php(403): DboSource->_execute('currentUser', Array)
#2 G:\xampplite\htdocs\geocan\lib\Cake\Model\Datasource\DboSource.php(647): DboSource->execute('currentUser', Array, Array)
#3 G:\xampplite\htdocs\geocan\lib\Cake\Model\Datasource\DboSource.php(589): DboSource->fetchAll('currentUser', Array, Array)
#4 G:\xampplite\htdocs\geocan\lib\Cake\Model\Model.php(775): DboSource->query('currentUser', Array, Object(City))
#5 [internal function]: Model->__call('currentUser', Array)
#6 G:\xampplite\htdocs\geocan\app\Plugin\AuditLog\Model\Behavior\AuditableBehavior.php(124): City->currentUser()
#7 [internal function]: AuditableBehavior->afterSave(Object(City), false, Array)
#8 G:\xampplite\htdocs\geocan\lib\Cake\Utility\ObjectCollection.php(130): call_user_func_array(Array, Array)
#9 [internal function]: ObjectCollection->trigger(Object(CakeEvent))
#10 G:\xampplite\htdocs\geocan\lib\Cake\Event\CakeEventManager.php(246): call_user_func(Array, Object(CakeEvent))
#11 G:\xampplite\htdocs\geocan\lib\Cake\Model\Model.php(1728): CakeEventManager->dispatch(Object(CakeEvent))
#12 G:\xampplite\htdocs\geocan\app\Controller\CitiesController.php(68): Model->save(Array)
#13 [internal function]: CitiesController->edit('4')
#14 G:\xampplite\htdocs\geocan\lib\Cake\Controller\Controller.php(485): ReflectionMethod->invokeArgs(Object(CitiesController), Array)
#15 G:\xampplite\htdocs\geocan\lib\Cake\Routing\Dispatcher.php(103): Controller->invokeAction(Object(CakeRequest))
#16 G:\xampplite\htdocs\geocan\lib\Cake\Routing\Dispatcher.php(85): Dispatcher->_invoke(Object(CitiesController), Object(CakeRequest), Object(CakeResponse))
#17 G:\xampplite\htdocs\geocan\app\webroot\index.php(96): Dispatcher->dispatch(Object(CakeRequest), Object(CakeResponse))
#18 {main}
2012-07-05 20:39:10 Error: [PDOException] SQLSTATE[42000]: Syntax error or access violation: 1064 You have an error in your SQL syntax; check the manual that corresponds to your MySQL server version for the right syntax to use near 'currentUser' at line 1
#0 G:\xampplite\htdocs\geocan\lib\Cake\Model\Datasource\DboSource.php(437): PDOStatement->execute(Array)
#1 G:\xampplite\htdocs\geocan\lib\Cake\Model\Datasource\DboSource.php(403): DboSource->_execute('currentUser', Array)
#2 G:\xampplite\htdocs\geocan\lib\Cake\Model\Datasource\DboSource.php(647): DboSource->execute('currentUser', Array, Array)
#3 G:\xampplite\htdocs\geocan\lib\Cake\Model\Datasource\DboSource.php(589): DboSource->fetchAll('currentUser', Array, Array)
#4 G:\xampplite\htdocs\geocan\lib\Cake\Model\Model.php(775): DboSource->query('currentUser', Array, Object(City))
#5 [internal function]: Model->__call('currentUser', Array)
#6 G:\xampplite\htdocs\geocan\app\Plugin\AuditLog\Model\Behavior\AuditableBehavior.php(124): City->currentUser()
#7 [internal function]: AuditableBehavior->afterSave(Object(City), false, Array)
#8 G:\xampplite\htdocs\geocan\lib\Cake\Utility\ObjectCollection.php(130): call_user_func_array(Array, Array)
#9 [internal function]: ObjectCollection->trigger(Object(CakeEvent))
#10 G:\xampplite\htdocs\geocan\lib\Cake\Event\CakeEventManager.php(246): call_user_func(Array, Object(CakeEvent))
#11 G:\xampplite\htdocs\geocan\lib\Cake\Model\Model.php(1728): CakeEventManager->dispatch(Object(CakeEvent))
#12 G:\xampplite\htdocs\geocan\app\Controller\CitiesController.php(68): Model->save(Array)
#13 [internal function]: CitiesController->edit('4')
#14 G:\xampplite\htdocs\geocan\lib\Cake\Controller\Controller.php(485): ReflectionMethod->invokeArgs(Object(CitiesController), Array)
#15 G:\xampplite\htdocs\geocan\lib\Cake\Routing\Dispatcher.php(103): Controller->invokeAction(Object(CakeRequest))
#16 G:\xampplite\htdocs\geocan\lib\Cake\Routing\Dispatcher.php(85): Dispatcher->_invoke(Object(CitiesController), Object(CakeRequest), Object(CakeResponse))
#17 G:\xampplite\htdocs\geocan\app\webroot\index.php(96): Dispatcher->dispatch(Object(CakeRequest), Object(CakeResponse))
#18 {main}
2012-07-05 20:39:14 Error: [PDOException] SQLSTATE[42000]: Syntax error or access violation: 1064 You have an error in your SQL syntax; check the manual that corresponds to your MySQL server version for the right syntax to use near 'currentUser' at line 1
#0 G:\xampplite\htdocs\geocan\lib\Cake\Model\Datasource\DboSource.php(437): PDOStatement->execute(Array)
#1 G:\xampplite\htdocs\geocan\lib\Cake\Model\Datasource\DboSource.php(403): DboSource->_execute('currentUser', Array)
#2 G:\xampplite\htdocs\geocan\lib\Cake\Model\Datasource\DboSource.php(647): DboSource->execute('currentUser', Array, Array)
#3 G:\xampplite\htdocs\geocan\lib\Cake\Model\Datasource\DboSource.php(589): DboSource->fetchAll('currentUser', Array, Array)
#4 G:\xampplite\htdocs\geocan\lib\Cake\Model\Model.php(775): DboSource->query('currentUser', Array, Object(City))
#5 [internal function]: Model->__call('currentUser', Array)
#6 G:\xampplite\htdocs\geocan\app\Plugin\AuditLog\Model\Behavior\AuditableBehavior.php(124): City->currentUser()
#7 [internal function]: AuditableBehavior->afterSave(Object(City), false, Array)
#8 G:\xampplite\htdocs\geocan\lib\Cake\Utility\ObjectCollection.php(130): call_user_func_array(Array, Array)
#9 [internal function]: ObjectCollection->trigger(Object(CakeEvent))
#10 G:\xampplite\htdocs\geocan\lib\Cake\Event\CakeEventManager.php(246): call_user_func(Array, Object(CakeEvent))
#11 G:\xampplite\htdocs\geocan\lib\Cake\Model\Model.php(1728): CakeEventManager->dispatch(Object(CakeEvent))
#12 G:\xampplite\htdocs\geocan\app\Controller\CitiesController.php(68): Model->save(Array)
#13 [internal function]: CitiesController->edit('4')
#14 G:\xampplite\htdocs\geocan\lib\Cake\Controller\Controller.php(485): ReflectionMethod->invokeArgs(Object(CitiesController), Array)
#15 G:\xampplite\htdocs\geocan\lib\Cake\Routing\Dispatcher.php(103): Controller->invokeAction(Object(CakeRequest))
#16 G:\xampplite\htdocs\geocan\lib\Cake\Routing\Dispatcher.php(85): Dispatcher->_invoke(Object(CitiesController), Object(CakeRequest), Object(CakeResponse))
#17 G:\xampplite\htdocs\geocan\app\webroot\index.php(96): Dispatcher->dispatch(Object(CakeRequest), Object(CakeResponse))
#18 {main}
2012-07-05 20:39:30 Error: [PDOException] SQLSTATE[42000]: Syntax error or access violation: 1064 You have an error in your SQL syntax; check the manual that corresponds to your MySQL server version for the right syntax to use near 'currentUser' at line 1
#0 G:\xampplite\htdocs\geocan\lib\Cake\Model\Datasource\DboSource.php(437): PDOStatement->execute(Array)
#1 G:\xampplite\htdocs\geocan\lib\Cake\Model\Datasource\DboSource.php(403): DboSource->_execute('currentUser', Array)
#2 G:\xampplite\htdocs\geocan\lib\Cake\Model\Datasource\DboSource.php(647): DboSource->execute('currentUser', Array, Array)
#3 G:\xampplite\htdocs\geocan\lib\Cake\Model\Datasource\DboSource.php(589): DboSource->fetchAll('currentUser', Array, Array)
#4 G:\xampplite\htdocs\geocan\lib\Cake\Model\Model.php(775): DboSource->query('currentUser', Array, Object(City))
#5 [internal function]: Model->__call('currentUser', Array)
#6 G:\xampplite\htdocs\geocan\app\Plugin\AuditLog\Model\Behavior\AuditableBehavior.php(124): City->currentUser()
#7 [internal function]: AuditableBehavior->afterSave(Object(City), false, Array)
#8 G:\xampplite\htdocs\geocan\lib\Cake\Utility\ObjectCollection.php(130): call_user_func_array(Array, Array)
#9 [internal function]: ObjectCollection->trigger(Object(CakeEvent))
#10 G:\xampplite\htdocs\geocan\lib\Cake\Event\CakeEventManager.php(246): call_user_func(Array, Object(CakeEvent))
#11 G:\xampplite\htdocs\geocan\lib\Cake\Model\Model.php(1728): CakeEventManager->dispatch(Object(CakeEvent))
#12 G:\xampplite\htdocs\geocan\app\Controller\CitiesController.php(68): Model->save(Array)
#13 [internal function]: CitiesController->edit('4')
#14 G:\xampplite\htdocs\geocan\lib\Cake\Controller\Controller.php(485): ReflectionMethod->invokeArgs(Object(CitiesController), Array)
#15 G:\xampplite\htdocs\geocan\lib\Cake\Routing\Dispatcher.php(103): Controller->invokeAction(Object(CakeRequest))
#16 G:\xampplite\htdocs\geocan\lib\Cake\Routing\Dispatcher.php(85): Dispatcher->_invoke(Object(CitiesController), Object(CakeRequest), Object(CakeResponse))
#17 G:\xampplite\htdocs\geocan\app\webroot\index.php(96): Dispatcher->dispatch(Object(CakeRequest), Object(CakeResponse))
#18 {main}
